# JRE version: OpenJDK Runtime Environment (21.0.6) (build 21.0.6+-13368085-b895.109)
# Java VM: OpenJDK 64-Bit Server VM (21.0.6+-13368085-b895.109, mixed mode, tiered, compressed oops, compressed class ptrs, g1 gc, windows-amd64)
GC Precious Log:
 CardTable entry size: 512
 Card Set container configuration: InlinePtr #cards 5 size 8 Array Of Cards #cards 12 size 40 Howl #buckets 4 coarsen threshold 1843 Howl Bitmap #cards 512 size 80 coarsen threshold 460 Card regions per heap region 1 cards per card region 2048
 CPUs: 4 total, 4 available
 Memory: 16239M
 Large Page Support: Disabled
 NUMA Support: Disabled
 Compressed Oops: Enabled (32-bit)
 Heap Region Size: 1M
 Heap Min Capacity: 8M
 Heap Initial Capacity: 254M
 Heap Max Capacity: 2G
 Pre-touch: Disabled
 Parallel Workers: 4
 Concurrent Workers: 1
 Concurrent Refinement Workers: 4
 Periodic GC: Disabled
Heap:
 garbage-first heap   total 68608K, used 28664K [0x0000000080000000, 0x0000000100000000)
  region size 1024K, 6 young (6144K), 3 survivors (3072K)
 Metaspace       used 35672K, committed 36480K, reserved 1114112K
  class space    used 4773K, committed 5184K, reserved 1048576K
GC Heap History (14 events):
Event: 1.701 GC heap before
{Heap before GC invocations=0 (full 0):
 garbage-first heap   total 260096K, used 12288K [0x0000000080000000, 0x0000000100000000)
  region size 1024K, 13 young (13312K), 0 survivors (0K)
 Metaspace       used 7383K, committed 7488K, reserved 1114112K
  class space    used 665K, committed 704K, reserved 1048576K
}
Event: 1.719 GC heap after
{Heap after GC invocations=1 (full 0):
 garbage-first heap   total 260096K, used 1280K [0x0000000080000000, 0x0000000100000000)
  region size 1024K, 2 young (2048K), 2 survivors (2048K)
 Metaspace       used 7383K, committed 7488K, reserved 1114112K
  class space    used 665K, committed 704K, reserved 1048576K
}
Event: 3.423 GC heap before
{Heap before GC invocations=1 (full 0):
 garbage-first heap   total 260096K, used 28928K [0x0000000080000000, 0x0000000100000000)
  region size 1024K, 27 young (27648K), 2 survivors (2048K)
 Metaspace       used 11211K, committed 11392K, reserved 1114112K
  class space    used 1164K, committed 1280K, reserved 1048576K
}
Event: 3.434 GC heap after
{Heap after GC invocations=2 (full 0):
 garbage-first heap   total 260096K, used 9925K [0x0000000080000000, 0x0000000100000000)
  region size 1024K, 4 young (4096K), 4 survivors (4096K)
 Metaspace       used 11211K, committed 11392K, reserved 1114112K
  class space    used 1164K, committed 1280K, reserved 1048576K
}
Event: 8.130 GC heap before
{Heap before GC invocations=2 (full 0):
 garbage-first heap   total 260096K, used 102085K [0x0000000080000000, 0x0000000100000000)
  region size 1024K, 94 young (96256K), 4 survivors (4096K)
 Metaspace       used 21191K, committed 21504K, reserved 1114112K
  class space    used 2433K, committed 2624K, reserved 1048576K
}
Event: 8.145 GC heap after
{Heap after GC invocations=3 (full 0):
 garbage-first heap   total 260096K, used 20039K [0x0000000080000000, 0x0000000100000000)
  region size 1024K, 13 young (13312K), 13 survivors (13312K)
 Metaspace       used 21191K, committed 21504K, reserved 1114112K
  class space    used 2433K, committed 2624K, reserved 1048576K
}
Event: 10.215 GC heap before
{Heap before GC invocations=4 (full 0):
 garbage-first heap   total 68608K, used 46663K [0x0000000080000000, 0x0000000100000000)
  region size 1024K, 40 young (40960K), 13 survivors (13312K)
 Metaspace       used 26235K, committed 26752K, reserved 1114112K
  class space    used 3181K, committed 3392K, reserved 1048576K
}
Event: 10.230 GC heap after
{Heap after GC invocations=5 (full 0):
 garbage-first heap   total 68608K, used 21563K [0x0000000080000000, 0x0000000100000000)
  region size 1024K, 2 young (2048K), 2 survivors (2048K)
 Metaspace       used 26235K, committed 26752K, reserved 1114112K
  class space    used 3181K, committed 3392K, reserved 1048576K
}
Event: 11.935 GC heap before
{Heap before GC invocations=5 (full 0):
 garbage-first heap   total 68608K, used 52283K [0x0000000080000000, 0x0000000100000000)
  region size 1024K, 33 young (33792K), 2 survivors (2048K)
 Metaspace       used 30497K, committed 31104K, reserved 1114112K
  class space    used 3923K, committed 4224K, reserved 1048576K
}
Event: 11.944 GC heap after
{Heap after GC invocations=6 (full 0):
 garbage-first heap   total 68608K, used 24368K [0x0000000080000000, 0x0000000100000000)
  region size 1024K, 4 young (4096K), 4 survivors (4096K)
 Metaspace       used 30497K, committed 31104K, reserved 1114112K
  class space    used 3923K, committed 4224K, reserved 1048576K
}
Event: 13.737 GC heap before
{Heap before GC invocations=6 (full 0):
 garbage-first heap   total 68608K, used 56112K [0x0000000080000000, 0x0000000100000000)
  region size 1024K, 35 young (35840K), 4 survivors (4096K)
 Metaspace       used 34989K, committed 35840K, reserved 1114112K
  class space    used 4652K, committed 5056K, reserved 1048576K
}
Event: 13.747 GC heap after
{Heap after GC invocations=7 (full 0):
 garbage-first heap   total 68608K, used 26302K [0x0000000080000000, 0x0000000100000000)
  region size 1024K, 5 young (5120K), 5 survivors (5120K)
 Metaspace       used 34989K, committed 35840K, reserved 1114112K
  class space    used 4652K, committed 5056K, reserved 1048576K
}
Event: 13.919 GC heap before
{Heap before GC invocations=7 (full 0):
 garbage-first heap   total 68608K, used 28350K [0x0000000080000000, 0x0000000100000000)
  region size 1024K, 8 young (8192K), 5 survivors (5120K)
 Metaspace       used 35352K, committed 36160K, reserved 1114112K
  class space    used 4722K, committed 5120K, reserved 1048576K
}
Event: 13.929 GC heap after
{Heap after GC invocations=8 (full 0):
 garbage-first heap   total 68608K, used 26616K [0x0000000080000000, 0x0000000100000000)
  region size 1024K, 3 young (3072K), 3 survivors (3072K)
 Metaspace       used 35352K, committed 36160K, reserved 1114112K
  class space    used 4722K, committed 5120K, reserved 1048576K
}

