# JRE version: OpenJDK Runtime Environment (21.0.6) (build 21.0.6+-13368085-b895.109)
# Java VM: OpenJDK 64-Bit Server VM (21.0.6+-13368085-b895.109, mixed mode, tiered, compressed oops, compressed class ptrs, g1 gc, windows-amd64)
GC Precious Log:
 CardTable entry size: 512
 Card Set container configuration: InlinePtr #cards 5 size 8 Array Of Cards #cards 12 size 40 Howl #buckets 4 coarsen threshold 1843 Howl Bitmap #cards 512 size 80 coarsen threshold 460 Card regions per heap region 1 cards per card region 2048
 CPUs: 4 total, 4 available
 Memory: 16239M
 Large Page Support: Disabled
 NUMA Support: Disabled
 Compressed Oops: Enabled (32-bit)
 Heap Region Size: 1M
 Heap Min Capacity: 8M
 Heap Initial Capacity: 254M
 Heap Max Capacity: 2G
 Pre-touch: Disabled
 Parallel Workers: 4
 Concurrent Workers: 1
 Concurrent Refinement Workers: 4
 Periodic GC: Disabled
Heap:
 garbage-first heap   total 82944K, used 49645K [0x0000000080000000, 0x0000000100000000)
  region size 1024K, 6 young (6144K), 3 survivors (3072K)
 Metaspace       used 66881K, committed 68544K, reserved 1114112K
  class space    used 9047K, committed 9856K, reserved 1048576K
GC Heap History (20 events):
Event: 12.247 GC heap before
{Heap before GC invocations=9 (full 0):
 garbage-first heap   total 68608K, used 58280K [0x0000000080000000, 0x0000000100000000)
  region size 1024K, 34 young (34816K), 3 survivors (3072K)
 Metaspace       used 39398K, committed 40640K, reserved 1114112K
  class space    used 5393K, committed 6016K, reserved 1048576K
}
Event: 12.255 GC heap after
{Heap after GC invocations=10 (full 0):
 garbage-first heap   total 82944K, used 28098K [0x0000000080000000, 0x0000000100000000)
  region size 1024K, 4 young (4096K), 4 survivors (4096K)
 Metaspace       used 39398K, committed 40640K, reserved 1114112K
  class space    used 5393K, committed 6016K, reserved 1048576K
}
Event: 14.680 GC heap before
{Heap before GC invocations=10 (full 0):
 garbage-first heap   total 82944K, used 70082K [0x0000000080000000, 0x0000000100000000)
  region size 1024K, 46 young (47104K), 4 survivors (4096K)
 Metaspace       used 45732K, committed 46912K, reserved 1114112K
  class space    used 6068K, committed 6656K, reserved 1048576K
}
Event: 14.694 GC heap after
{Heap after GC invocations=11 (full 0):
 garbage-first heap   total 82944K, used 32264K [0x0000000080000000, 0x0000000100000000)
  region size 1024K, 6 young (6144K), 6 survivors (6144K)
 Metaspace       used 45732K, committed 46912K, reserved 1114112K
  class space    used 6068K, committed 6656K, reserved 1048576K
}
Event: 16.466 GC heap before
{Heap before GC invocations=11 (full 0):
 garbage-first heap   total 82944K, used 71176K [0x0000000080000000, 0x0000000100000000)
  region size 1024K, 44 young (45056K), 6 survivors (6144K)
 Metaspace       used 47709K, committed 49088K, reserved 1114112K
  class space    used 6373K, committed 7040K, reserved 1048576K
}
Event: 16.479 GC heap after
{Heap after GC invocations=12 (full 0):
 garbage-first heap   total 82944K, used 34768K [0x0000000080000000, 0x0000000100000000)
  region size 1024K, 3 young (3072K), 3 survivors (3072K)
 Metaspace       used 47709K, committed 49088K, reserved 1114112K
  class space    used 6373K, committed 7040K, reserved 1048576K
}
Event: 21.203 GC heap before
{Heap before GC invocations=12 (full 0):
 garbage-first heap   total 82944K, used 70608K [0x0000000080000000, 0x0000000100000000)
  region size 1024K, 39 young (39936K), 3 survivors (3072K)
 Metaspace       used 52433K, committed 53952K, reserved 1114112K
  class space    used 7145K, committed 7872K, reserved 1048576K
}
Event: 21.211 GC heap after
{Heap after GC invocations=13 (full 0):
 garbage-first heap   total 82944K, used 37260K [0x0000000080000000, 0x0000000100000000)
  region size 1024K, 5 young (5120K), 5 survivors (5120K)
 Metaspace       used 52433K, committed 53952K, reserved 1114112K
  class space    used 7145K, committed 7872K, reserved 1048576K
}
Event: 26.093 GC heap before
{Heap before GC invocations=13 (full 0):
 garbage-first heap   total 82944K, used 74124K [0x0000000080000000, 0x0000000100000000)
  region size 1024K, 39 young (39936K), 5 survivors (5120K)
 Metaspace       used 57760K, committed 59328K, reserved 1114112K
  class space    used 7777K, committed 8512K, reserved 1048576K
}
Event: 26.103 GC heap after
{Heap after GC invocations=14 (full 0):
 garbage-first heap   total 82944K, used 38091K [0x0000000080000000, 0x0000000100000000)
  region size 1024K, 4 young (4096K), 4 survivors (4096K)
 Metaspace       used 57760K, committed 59328K, reserved 1114112K
  class space    used 7777K, committed 8512K, reserved 1048576K
}
Event: 26.909 GC heap before
{Heap before GC invocations=14 (full 0):
 garbage-first heap   total 82944K, used 45259K [0x0000000080000000, 0x0000000100000000)
  region size 1024K, 12 young (12288K), 4 survivors (4096K)
 Metaspace       used 59004K, committed 60480K, reserved 1114112K
  class space    used 7954K, committed 8704K, reserved 1048576K
}
Event: 26.916 GC heap after
{Heap after GC invocations=15 (full 0):
 garbage-first heap   total 82944K, used 38780K [0x0000000080000000, 0x0000000100000000)
  region size 1024K, 2 young (2048K), 2 survivors (2048K)
 Metaspace       used 59004K, committed 60480K, reserved 1114112K
  class space    used 7954K, committed 8704K, reserved 1048576K
}
Event: 30.850 GC heap before
{Heap before GC invocations=16 (full 0):
 garbage-first heap   total 82944K, used 75644K [0x0000000080000000, 0x0000000100000000)
  region size 1024K, 38 young (38912K), 2 survivors (2048K)
 Metaspace       used 63569K, committed 65280K, reserved 1114112K
  class space    used 8694K, committed 9536K, reserved 1048576K
}
Event: 30.857 GC heap after
{Heap after GC invocations=17 (full 0):
 garbage-first heap   total 82944K, used 41170K [0x0000000080000000, 0x0000000100000000)
  region size 1024K, 5 young (5120K), 5 survivors (5120K)
 Metaspace       used 63569K, committed 65280K, reserved 1114112K
  class space    used 8694K, committed 9536K, reserved 1048576K
}
Event: 33.306 GC heap before
{Heap before GC invocations=17 (full 0):
 garbage-first heap   total 82944K, used 71890K [0x0000000080000000, 0x0000000100000000)
  region size 1024K, 35 young (35840K), 5 survivors (5120K)
 Metaspace       used 65986K, committed 67648K, reserved 1114112K
  class space    used 8993K, committed 9792K, reserved 1048576K
}
Event: 33.322 GC heap after
{Heap after GC invocations=18 (full 0):
 garbage-first heap   total 82944K, used 43877K [0x0000000080000000, 0x0000000100000000)
  region size 1024K, 5 young (5120K), 5 survivors (5120K)
 Metaspace       used 65986K, committed 67648K, reserved 1114112K
  class space    used 8993K, committed 9792K, reserved 1048576K
}
Event: 34.354 GC heap before
{Heap before GC invocations=18 (full 0):
 garbage-first heap   total 82944K, used 71525K [0x0000000080000000, 0x0000000100000000)
  region size 1024K, 33 young (33792K), 5 survivors (5120K)
 Metaspace       used 66458K, committed 68096K, reserved 1114112K
  class space    used 9019K, committed 9856K, reserved 1048576K
}
Event: 34.367 GC heap after
{Heap after GC invocations=19 (full 0):
 garbage-first heap   total 82944K, used 48128K [0x0000000080000000, 0x0000000100000000)
  region size 1024K, 4 young (4096K), 4 survivors (4096K)
 Metaspace       used 66458K, committed 68096K, reserved 1114112K
  class space    used 9019K, committed 9856K, reserved 1048576K
}
Event: 35.517 GC heap before
{Heap before GC invocations=20 (full 0):
 garbage-first heap   total 82944K, used 72704K [0x0000000080000000, 0x0000000100000000)
  region size 1024K, 29 young (29696K), 4 survivors (4096K)
 Metaspace       used 66813K, committed 68480K, reserved 1114112K
  class space    used 9047K, committed 9856K, reserved 1048576K
}
Event: 35.526 GC heap after
{Heap after GC invocations=21 (full 0):
 garbage-first heap   total 82944K, used 48556K [0x0000000080000000, 0x0000000100000000)
  region size 1024K, 4 young (4096K), 4 survivors (4096K)
 Metaspace       used 66813K, committed 68480K, reserved 1114112K
  class space    used 9047K, committed 9856K, reserved 1048576K
}

